2023-12-18 19:58:27,660 - INFO - [chatbot log cleared]
2023-12-18 19:58:27,660 - INFO - [appearance mode set to "dark", theme set to "green"]
2023-12-18 19:58:27,848 - INFO - [frame initialized]
2023-12-18 19:58:27,848 - INFO - [font set to Menlo 12]
2023-12-18 19:58:27,928 - INFO - [entry field initialized, width: 500, height: 220]
2023-12-18 19:58:27,943 - INFO - [text box initialized, width: 500, height: 220]
2023-12-18 19:58:27,944 - INFO - [analyze button initialized, callback "self.analyze_sentence"]
2023-12-18 19:58:27,945 - INFO - [exit button initialized, callback "root.destroy"]
2023-12-18 19:58:27,945 - INFO - [root window initialized]
2023-12-18 19:59:03,320 - INFO - [user input fetched: The quick brown fox jumps over the lazy dog.]
2023-12-18 19:59:03,375 - INFO - [chatbot response fetched]: {
    "Sentiment": {
        "sentence": "The quick brown fox jumps over the lazy dog.",
        "polarity_score": 0.0,
        "subjectivity_score": 0.5,
        "polarity": "Neutral",
        "subjectivity": "Subjective"
    }
}
2023-12-18 19:59:03,375 - INFO - [chatbot response logged]: {
    "Sentiment": {
        "sentence": "The quick brown fox jumps over the lazy dog.",
        "polarity_score": 0.0,
        "subjectivity_score": 0.5,
        "polarity": "Neutral",
        "subjectivity": "Subjective"
    }
}
2023-12-18 19:59:03,375 - INFO - [chatbot response fetched: 
{
    "Sentiment": {
        "sentence": "The quick brown fox jumps over the lazy dog.",
        "polarity_score": 0.0,
        "subjectivity_score": 0.5,
        "polarity": "Neutral",
        "subjectivity": "Subjective"
    }
}]
2023-12-18 19:59:03,376 - INFO - [user input failed to fetch]
2023-12-18 19:59:31,021 - INFO - [user input fetched: Jakob is a great person]
2023-12-18 19:59:31,033 - INFO - [chatbot response fetched]: {
    "Sentiment": {
        "sentence": "Jakob is a great person",
        "polarity_score": 0.6249,
        "subjectivity_score": 0.75,
        "polarity": "Very Positive",
        "subjectivity": "Subjective"
    }
}
2023-12-18 19:59:31,034 - INFO - [chatbot response logged]: {
    "Sentiment": {
        "sentence": "Jakob is a great person",
        "polarity_score": 0.6249,
        "subjectivity_score": 0.75,
        "polarity": "Very Positive",
        "subjectivity": "Subjective"
    }
}
2023-12-18 19:59:31,034 - INFO - [chatbot response fetched: 
{
    "Sentiment": {
        "sentence": "Jakob is a great person",
        "polarity_score": 0.6249,
        "subjectivity_score": 0.75,
        "polarity": "Very Positive",
        "subjectivity": "Subjective"
    }
}]
2023-12-18 19:59:31,034 - INFO - [user input failed to fetch]
